16:31:04.667 [main] INFO  TestCases.TC_002_ClickDropdown - Clicked on the market and services dropdown and get options from it
16:31:05.012 [main] INFO  TestCases.TC_002_ClickDropdown - Clicked on the corporate function dropdown and get options from it
16:31:05.329 [main] INFO  TestCases.TC_002_ClickDropdown - Clicked on the people dropdown and get options from it
16:31:05.559 [main] INFO  TestCases.TC_002_ClickDropdown - Clicked on the otheroption dropdown and get options from it
16:31:05.722 [main] INFO  TestCases.TC_002_ClickDropdown - *********End of TC_002_ClickDropdown
16:31:06.851 [main] INFO  TestCases.TC_002_ClickDropdown - browser closed successfully....
16:31:09.143 [main] INFO  TestCases.TC_003_EthicsandCompliance - chrome browser opened successfully
16:31:10.526 [main] INFO  TestCases.TC_003_EthicsandCompliance - Base Page loaded sucessfully.......
16:31:12.705 [main] INFO  TestCases.TC_003_EthicsandCompliance - *********** TC_003_EthicsandCompliance started *************
16:31:12.785 [main] INFO  TestCases.TC_003_EthicsandCompliance - Click on Corporate function.....
16:31:12.950 [main] INFO  TestCases.TC_003_EthicsandCompliance - Hover to the desiered option...
16:31:17.446 [main] INFO  TestCases.TC_003_EthicsandCompliance - Click on the ethics and compliance....
16:31:19.090 [main] INFO  TestCases.TC_003_EthicsandCompliance - Page exist...
16:31:19.172 [main] INFO  TestCases.TC_003_EthicsandCompliance - click to get info...
16:31:19.590 [main] INFO  TestCases.TC_003_EthicsandCompliance - printed the info...
16:31:19.738 [main] INFO  TestCases.TC_003_EthicsandCompliance - *********** TC_003_EthicsandCompliance finished *************
16:31:20.818 [main] INFO  TestCases.TC_003_EthicsandCompliance - browser closed successfully....
16:57:16.402 [main] INFO  TestCases.TC_001_UserVerification - chrome browser opened successfully
16:57:17.598 [main] INFO  TestCases.TC_001_UserVerification - Base Page loaded sucessfully.......
16:57:45.086 [main] INFO  TestCases.TC_001_UserVerification - *****************Start the TC_001_UserVerification****************
16:57:45.087 [main] INFO  TestCases.TC_001_UserVerification - click on userdetail button..........
16:57:45.328 [main] INFO  TestCases.TC_001_UserVerification - screenshot is taken...
16:58:05.786 [main] INFO  TestCases.TC_001_UserVerification - get the user Email ..........
16:58:05.786 [main] INFO  TestCases.TC_001_UserVerification - *****************End the TC_001_UserVerification****************
16:58:08.274 [main] INFO  TestCases.TC_001_UserVerification - browser closed successfully....
16:58:11.179 [main] INFO  TestCases.TC_002_ClickDropdown - chrome browser opened successfully
16:58:12.436 [main] INFO  TestCases.TC_002_ClickDropdown - Base Page loaded sucessfully.......
16:58:15.251 [main] INFO  TestCases.TC_002_ClickDropdown - *********** Starting the TC_002_ClickDropdown***********
16:58:15.251 [main] INFO  TestCases.TC_002_ClickDropdown - Clicked on the company dropdown and get options from it
16:58:15.596 [main] INFO  TestCases.TC_002_ClickDropdown - Clicked on the servicelines dropdown and get options from it
16:58:15.933 [main] INFO  TestCases.TC_002_ClickDropdown - Clicked on the salesresources dropdown and get options from it
16:58:16.243 [main] INFO  TestCases.TC_002_ClickDropdown - Clicked on the market and services dropdown and get options from it
16:58:16.537 [main] INFO  TestCases.TC_002_ClickDropdown - Clicked on the corporate function dropdown and get options from it
16:58:16.910 [main] INFO  TestCases.TC_002_ClickDropdown - Clicked on the people dropdown and get options from it
16:58:17.158 [main] INFO  TestCases.TC_002_ClickDropdown - Clicked on the otheroption dropdown and get options from it
16:58:17.340 [main] INFO  TestCases.TC_002_ClickDropdown - *********End of TC_002_ClickDropdown
16:58:18.474 [main] INFO  TestCases.TC_002_ClickDropdown - browser closed successfully....
16:58:21.233 [main] INFO  TestCases.TC_003_EthicsandCompliance - chrome browser opened successfully
16:58:23.380 [main] INFO  TestCases.TC_003_EthicsandCompliance - Base Page loaded sucessfully.......
16:58:25.785 [main] INFO  TestCases.TC_003_EthicsandCompliance - *********** TC_003_EthicsandCompliance started *************
16:58:25.866 [main] INFO  TestCases.TC_003_EthicsandCompliance - Click on Corporate function.....
16:58:26.049 [main] INFO  TestCases.TC_003_EthicsandCompliance - Hover to the desiered option...
16:58:26.281 [main] INFO  TestCases.TC_003_EthicsandCompliance - Click on the ethics and compliance....
16:58:27.678 [main] INFO  TestCases.TC_003_EthicsandCompliance - Page exist...
16:58:27.797 [main] INFO  TestCases.TC_003_EthicsandCompliance - click to get info...
16:58:28.210 [main] INFO  TestCases.TC_003_EthicsandCompliance - printed the info...
16:58:28.320 [main] INFO  TestCases.TC_003_EthicsandCompliance - *********** TC_003_EthicsandCompliance finished *************
16:58:29.422 [main] INFO  TestCases.TC_003_EthicsandCompliance - browser closed successfully....
