13:27:46.433 [main] INFO  TestCases.TC_001_UserVerification - click on userdetail button..........
13:27:46.813 [main] INFO  TestCases.TC_001_UserVerification - screenshot is taken...
13:28:07.117 [main] INFO  TestCases.TC_001_UserVerification - get the email...
13:28:08.302 [main] INFO  TestCases.TC_001_UserVerification - write the data in excel
13:28:08.302 [main] INFO  TestCases.TC_001_UserVerification - *****************End the TC_001_UserVerification****************
13:28:09.591 [main] INFO  TestCases.TC_001_UserVerification - browser closed successfully....
13:29:27.633 [main] INFO  TestCases.TC_001_UserVerification - chrome browser opened successfully
13:29:28.507 [main] INFO  TestCases.TC_001_UserVerification - Base Page loaded sucessfully.......
13:29:32.682 [main] INFO  TestCases.TC_001_UserVerification - *****************Start the TC_001_UserVerification****************
13:29:32.682 [main] INFO  TestCases.TC_001_UserVerification - click on userdetail button..........
13:29:32.892 [main] INFO  TestCases.TC_001_UserVerification - screenshot is taken...
13:29:53.165 [main] INFO  TestCases.TC_001_UserVerification - get the email...
13:29:54.195 [main] INFO  TestCases.TC_001_UserVerification - write the data in excel
13:29:54.195 [main] INFO  TestCases.TC_001_UserVerification - *****************End the TC_001_UserVerification****************
13:29:55.379 [main] INFO  TestCases.TC_001_UserVerification - browser closed successfully....
13:31:00.748 [main] INFO  TestCases.TC_001_UserVerification - chrome browser opened successfully
13:31:02.228 [main] INFO  TestCases.TC_001_UserVerification - Base Page loaded sucessfully.......
13:31:05.381 [main] INFO  TestCases.TC_001_UserVerification - *****************Start the TC_001_UserVerification****************
13:31:05.382 [main] INFO  TestCases.TC_001_UserVerification - click on userdetail button..........
13:31:05.866 [main] INFO  TestCases.TC_001_UserVerification - screenshot is taken...
13:31:26.073 [main] INFO  TestCases.TC_001_UserVerification - get the email...
13:31:27.226 [main] INFO  TestCases.TC_001_UserVerification - write the data in excel
13:31:27.226 [main] INFO  TestCases.TC_001_UserVerification - *****************End the TC_001_UserVerification****************
13:31:28.579 [main] INFO  TestCases.TC_001_UserVerification - browser closed successfully....
13:34:45.260 [main] INFO  TestCases.TC_001_UserVerification - chrome browser opened successfully
13:34:45.989 [main] INFO  TestCases.TC_001_UserVerification - Base Page loaded sucessfully.......
13:34:50.505 [main] INFO  TestCases.TC_001_UserVerification - *****************Start the TC_001_UserVerification****************
13:34:50.505 [main] INFO  TestCases.TC_001_UserVerification - click on userdetail button..........
13:34:50.871 [main] INFO  TestCases.TC_001_UserVerification - screenshot is taken...
13:35:11.327 [main] INFO  TestCases.TC_001_UserVerification - get the username and email...
13:35:12.629 [main] INFO  TestCases.TC_001_UserVerification - write the data in excel
13:35:12.629 [main] INFO  TestCases.TC_001_UserVerification - *****************End the TC_001_UserVerification****************
13:35:13.804 [main] INFO  TestCases.TC_001_UserVerification - browser closed successfully....
13:35:17.886 [main] INFO  TestCases.TC_002_ClickDropdown - chrome browser opened successfully
13:35:19.870 [main] INFO  TestCases.TC_002_ClickDropdown - Base Page loaded sucessfully.......
13:35:24.061 [main] INFO  TestCases.TC_002_ClickDropdown - *********** Starting the TC_002_ClickDropdown***********
13:35:24.061 [main] INFO  TestCases.TC_002_ClickDropdown - Clicked on the company dropdown and get options from it
13:35:24.504 [main] INFO  TestCases.TC_002_ClickDropdown - Clicked on the servicelines dropdown and get options from it
13:35:24.863 [main] INFO  TestCases.TC_002_ClickDropdown - Clicked on the salesresources dropdown and get options from it
13:35:25.185 [main] INFO  TestCases.TC_002_ClickDropdown - Clicked on the market and services dropdown and get options from it
13:35:25.508 [main] INFO  TestCases.TC_002_ClickDropdown - Clicked on the corporate function dropdown and get options from it
13:35:25.906 [main] INFO  TestCases.TC_002_ClickDropdown - Clicked on the people dropdown and get options from it
13:35:26.306 [main] INFO  TestCases.TC_002_ClickDropdown - Clicked on the otheroption dropdown and get options from it
13:35:26.568 [main] INFO  TestCases.TC_002_ClickDropdown - *********End of TC_002_ClickDropdown
13:35:27.705 [main] INFO  TestCases.TC_002_ClickDropdown - browser closed successfully....
13:35:31.235 [main] INFO  TestCases.TC_003_EthicsandCompliance - chrome browser opened successfully
13:35:32.878 [main] INFO  TestCases.TC_003_EthicsandCompliance - Base Page loaded sucessfully.......
13:35:35.941 [main] INFO  TestCases.TC_003_EthicsandCompliance - *********** TC_003_EthicsandCompliance started *************
13:35:36.145 [main] INFO  TestCases.TC_003_EthicsandCompliance - Click on Corporate function.....
