16:30:41.164 [main] INFO  TestCases.TC_001_UserVerification - chrome browser opened successfully
16:30:42.506 [main] INFO  TestCases.TC_001_UserVerification - Base Page loaded sucessfully.......
16:30:45.564 [main] INFO  TestCases.TC_001_UserVerification - *****************Start the TC_001_UserVerification****************
16:30:45.565 [main] INFO  TestCases.TC_001_UserVerification - click on userdetail button..........
16:30:45.823 [main] INFO  TestCases.TC_001_UserVerification - screenshot is taken...
16:30:45.918 [main] INFO  TestCases.TC_001_UserVerification - get the user name ..........
16:31:06.057 [main] INFO  TestCases.TC_001_UserVerification - get the username and email...
16:31:07.018 [main] INFO  TestCases.TC_001_UserVerification - write the data in excel
16:31:07.018 [main] INFO  TestCases.TC_001_UserVerification - *****************End the TC_001_UserVerification****************
16:31:08.219 [main] INFO  TestCases.TC_001_UserVerification - browser closed successfully....
16:31:10.930 [main] INFO  TestCases.TC_002_ClickDropdown - chrome browser opened successfully
16:31:12.324 [main] INFO  TestCases.TC_002_ClickDropdown - Base Page loaded sucessfully.......
16:31:14.677 [main] INFO  TestCases.TC_002_ClickDropdown - ------Getting Header Items ---
16:31:15.026 [main] INFO  TestCases.TC_002_ClickDropdown - ------Getting Sub Header & Hover menu Items ---
16:34:48.651 [main] INFO  TestCases.TC_002_ClickDropdown - browser closed successfully....
16:34:51.294 [main] INFO  TestCases.TC_003_EthicsandCompliance - chrome browser opened successfully
16:34:55.434 [main] INFO  TestCases.TC_003_EthicsandCompliance - Base Page loaded sucessfully.......
16:34:55.567 [main] INFO  TestCases.TC_003_EthicsandCompliance - *********** TC_003_EthicsandCompliance started *************
16:34:55.716 [main] INFO  TestCases.TC_003_EthicsandCompliance - Click on Corporate function.....
16:34:55.937 [main] INFO  TestCases.TC_003_EthicsandCompliance - Hover to the desiered option...
16:35:01.092 [main] INFO  TestCases.TC_003_EthicsandCompliance - Click on the ethics and compliance....
16:35:02.486 [main] INFO  TestCases.TC_003_EthicsandCompliance - Page exist...
16:35:03.170 [main] INFO  TestCases.TC_003_EthicsandCompliance - *********** TC_003_EthicsandCompliance finished *************
16:35:04.265 [main] INFO  TestCases.TC_003_EthicsandCompliance - browser closed successfully....
21:16:02.463 [main] INFO  TestCases.TC_001_UserVerification - chrome browser opened successfully
21:16:08.358 [main] INFO  TestCases.TC_002_ClickDropdown - chrome browser opened successfully
21:16:14.318 [main] INFO  TestCases.TC_003_EthicsandCompliance - chrome browser opened successfully
21:18:07.276 [main] INFO  TestCases.TC_001_UserVerification - chrome browser opened successfully
21:18:08.785 [main] INFO  TestCases.TC_001_UserVerification - Base Page loaded sucessfully.......
21:18:11.933 [main] INFO  TestCases.TC_001_UserVerification - *****************Start the TC_001_UserVerification****************
21:18:11.933 [main] INFO  TestCases.TC_001_UserVerification - click on userdetail button..........
21:18:12.461 [main] INFO  TestCases.TC_001_UserVerification - screenshot is taken...
21:18:12.589 [main] INFO  TestCases.TC_001_UserVerification - get the user name ..........
21:18:39.808 [main] INFO  TestCases.TC_001_UserVerification - get the username and email...
21:18:40.962 [main] INFO  TestCases.TC_001_UserVerification - write the data in excel
21:18:40.962 [main] INFO  TestCases.TC_001_UserVerification - *****************End the TC_001_UserVerification****************
21:18:42.169 [main] INFO  TestCases.TC_001_UserVerification - browser closed successfully....
21:18:46.813 [main] INFO  TestCases.TC_002_ClickDropdown - chrome browser opened successfully
21:18:48.644 [main] INFO  TestCases.TC_002_ClickDropdown - Base Page loaded sucessfully.......
21:18:50.969 [main] INFO  TestCases.TC_002_ClickDropdown - ------Getting Header Items ---
21:18:52.290 [main] INFO  TestCases.TC_002_ClickDropdown - ------Getting Sub Header & Hover menu Items ---
21:22:28.474 [main] INFO  TestCases.TC_002_ClickDropdown - browser closed successfully....
21:22:31.900 [main] INFO  TestCases.TC_003_EthicsandCompliance - chrome browser opened successfully
21:22:33.705 [main] INFO  TestCases.TC_003_EthicsandCompliance - Base Page loaded sucessfully.......
21:22:35.725 [main] INFO  TestCases.TC_003_EthicsandCompliance - *********** TC_003_EthicsandCompliance started *************
21:22:35.886 [main] INFO  TestCases.TC_003_EthicsandCompliance - Click on Corporate function.....
21:22:36.690 [main] INFO  TestCases.TC_003_EthicsandCompliance - Hover to the desiered option...
21:22:37.096 [main] INFO  TestCases.TC_003_EthicsandCompliance - Click on the ethics and compliance....
21:22:39.647 [main] INFO  TestCases.TC_003_EthicsandCompliance - Page exist...
21:22:39.976 [main] INFO  TestCases.TC_003_EthicsandCompliance - *********** TC_003_EthicsandCompliance finished *************
