21:22:41.161 [main] INFO  TestCases.TC_003_EthicsandCompliance - browser closed successfully....
16:41:33.870 [main] INFO  TestCases.TC_001_UserVerification - chrome browser opened successfully
16:41:35.208 [main] INFO  TestCases.TC_001_UserVerification - Base Page loaded sucessfully.......
16:41:37.861 [main] INFO  TestCases.TC_001_UserVerification - *****************Start the TC_001_UserVerification****************
16:41:37.861 [main] INFO  TestCases.TC_001_UserVerification - click on userdetail button..........
16:41:38.093 [main] INFO  TestCases.TC_001_UserVerification - screenshot is taken...
16:41:50.293 [main] INFO  TestCases.TC_001_UserVerification - get the user name ..........
16:42:10.408 [main] INFO  TestCases.TC_001_UserVerification - get the username and email...
16:42:11.153 [main] INFO  TestCases.TC_001_UserVerification - write the data in excel
16:42:11.153 [main] INFO  TestCases.TC_001_UserVerification - *****************End the TC_001_UserVerification****************
16:42:12.267 [main] INFO  TestCases.TC_001_UserVerification - browser closed successfully....
16:42:14.983 [main] INFO  TestCases.TC_002_ClickDropdown - chrome browser opened successfully
16:42:16.414 [main] INFO  TestCases.TC_002_ClickDropdown - Base Page loaded sucessfully.......
16:42:18.089 [main] INFO  TestCases.TC_002_ClickDropdown - ------Getting Header Items ---
16:42:18.422 [main] INFO  TestCases.TC_002_ClickDropdown - ------Getting Sub Header & Hover menu Items ---
16:45:52.631 [main] INFO  TestCases.TC_002_ClickDropdown - browser closed successfully....
16:45:56.104 [main] INFO  TestCases.TC_003_EthicsandCompliance - chrome browser opened successfully
16:45:57.386 [main] INFO  TestCases.TC_003_EthicsandCompliance - Base Page loaded sucessfully.......
16:45:59.884 [main] INFO  TestCases.TC_003_EthicsandCompliance - *********** TC_003_EthicsandCompliance started *************
16:46:00.076 [main] INFO  TestCases.TC_003_EthicsandCompliance - Click on Corporate function.....
16:46:00.329 [main] INFO  TestCases.TC_003_EthicsandCompliance - Hover to the desiered option...
16:46:00.590 [main] INFO  TestCases.TC_003_EthicsandCompliance - Click on the ethics and compliance....
16:46:01.920 [main] INFO  TestCases.TC_003_EthicsandCompliance - Page exist...
16:46:02.709 [main] INFO  TestCases.TC_003_EthicsandCompliance - *********** TC_003_EthicsandCompliance finished *************
16:46:03.857 [main] INFO  TestCases.TC_003_EthicsandCompliance - browser closed successfully....
10:38:30.686 [main] INFO  TestCases.TC_002_ClickDropdown - chrome browser opened successfully
10:38:33.394 [main] INFO  TestCases.TC_002_ClickDropdown - Base Page loaded sucessfully.......
10:38:39.999 [main] INFO  TestCases.TC_002_ClickDropdown - ------Getting Header Items ---
10:38:40.940 [main] INFO  TestCases.TC_002_ClickDropdown - ------Getting Sub Header & Hover menu Items ---
10:39:11.663 [main] INFO  TestCases.TC_002_ClickDropdown - browser closed successfully....
19:56:23.945 [main] INFO  TestCases.TC_001_UserVerification - chrome browser opened successfully
19:56:30.169 [main] INFO  TestCases.TC_001_UserVerification - Base Page loaded sucessfully.......
19:56:30.614 [main] INFO  TestCases.TC_001_UserVerification - *****************Start the TC_001_UserVerification****************
19:56:30.614 [main] INFO  TestCases.TC_001_UserVerification - click on userdetail button..........
19:56:31.073 [main] INFO  TestCases.TC_001_UserVerification - screenshot is taken...
19:56:44.173 [main] INFO  TestCases.TC_001_UserVerification - get the user name ..........
19:57:04.383 [main] INFO  TestCases.TC_001_UserVerification - get the username and email...
19:57:05.363 [main] INFO  TestCases.TC_001_UserVerification - write the data in excel
19:57:05.364 [main] INFO  TestCases.TC_001_UserVerification - *****************End the TC_001_UserVerification****************
19:57:06.538 [main] INFO  TestCases.TC_001_UserVerification - browser closed successfully....
19:57:10.402 [main] INFO  TestCases.TC_002_ClickDropdown - chrome browser opened successfully
19:57:11.825 [main] INFO  TestCases.TC_002_ClickDropdown - Base Page loaded sucessfully.......
19:57:14.356 [main] INFO  TestCases.TC_002_ClickDropdown - ------Getting Header Items ---
19:57:14.741 [main] INFO  TestCases.TC_002_ClickDropdown - ------Getting Sub Header & Hover menu Items ---
20:00:51.513 [main] INFO  TestCases.TC_002_ClickDropdown - browser closed successfully....
20:00:55.291 [main] INFO  TestCases.TC_003_EthicsandCompliance - chrome browser opened successfully
20:00:56.094 [main] INFO  TestCases.TC_003_EthicsandCompliance - Base Page loaded sucessfully.......
20:01:00.867 [main] INFO  TestCases.TC_003_EthicsandCompliance - *********** TC_003_EthicsandCompliance started *************
20:01:00.983 [main] INFO  TestCases.TC_003_EthicsandCompliance - Click on Corporate function.....
20:01:01.200 [main] INFO  TestCases.TC_003_EthicsandCompliance - Hover to the desiered option...
