22:59:11.038 [main] INFO  TestCases.TC_001_UserVerification - click on userdetail button..........
22:59:11.437 [main] INFO  TestCases.TC_001_UserVerification - screenshot is taken...
22:59:31.698 [main] INFO  TestCases.TC_001_UserVerification - get the username and email...
22:59:33.216 [main] INFO  TestCases.TC_001_UserVerification - write the data in excel
22:59:33.216 [main] INFO  TestCases.TC_001_UserVerification - *****************End the TC_001_UserVerification****************
22:59:34.402 [main] INFO  TestCases.TC_001_UserVerification - browser closed successfully....
23:03:01.036 [main] INFO  TestCases.TC_001_UserVerification - chrome browser opened successfully
23:03:04.918 [main] INFO  TestCases.TC_001_UserVerification - Base Page loaded sucessfully.......
23:03:05.295 [main] INFO  TestCases.TC_001_UserVerification - *****************Start the TC_001_UserVerification****************
23:03:05.295 [main] INFO  TestCases.TC_001_UserVerification - click on userdetail button..........
23:03:05.664 [main] INFO  TestCases.TC_001_UserVerification - screenshot is taken...
23:03:25.961 [main] INFO  TestCases.TC_001_UserVerification - get the username and email...
23:03:26.554 [main] INFO  TestCases.TC_001_UserVerification - write the data in excel
23:03:26.554 [main] INFO  TestCases.TC_001_UserVerification - *****************End the TC_001_UserVerification****************
23:03:27.663 [main] INFO  TestCases.TC_001_UserVerification - browser closed successfully....
23:05:04.876 [main] INFO  TestCases.TC_001_UserVerification - chrome browser opened successfully
23:05:05.579 [main] INFO  TestCases.TC_001_UserVerification - Base Page loaded sucessfully.......
23:05:10.352 [main] INFO  TestCases.TC_001_UserVerification - *****************Start the TC_001_UserVerification****************
23:05:10.352 [main] INFO  TestCases.TC_001_UserVerification - click on userdetail button..........
23:05:10.791 [main] INFO  TestCases.TC_001_UserVerification - screenshot is taken...
23:05:31.105 [main] INFO  TestCases.TC_001_UserVerification - get the username and email...
23:05:31.863 [main] INFO  TestCases.TC_001_UserVerification - write the data in excel
23:05:31.864 [main] INFO  TestCases.TC_001_UserVerification - *****************End the TC_001_UserVerification****************
23:05:33.030 [main] INFO  TestCases.TC_001_UserVerification - browser closed successfully....
23:10:44.026 [main] INFO  TestCases.TC_001_UserVerification - chrome browser opened successfully
23:10:58.753 [main] INFO  TestCases.TC_001_UserVerification - Base Page loaded sucessfully.......
23:10:58.992 [main] INFO  TestCases.TC_001_UserVerification - *****************Start the TC_001_UserVerification****************
23:10:58.993 [main] INFO  TestCases.TC_001_UserVerification - click on userdetail button..........
23:10:59.168 [main] INFO  TestCases.TC_001_UserVerification - screenshot is taken...
23:11:00.470 [main] INFO  TestCases.TC_001_UserVerification - browser closed successfully....
23:14:35.595 [main] INFO  TestCases.TC_001_UserVerification - chrome browser opened successfully
23:14:36.890 [main] INFO  TestCases.TC_001_UserVerification - Base Page loaded sucessfully.......
23:15:17.130 [main] INFO  TestCases.TC_001_UserVerification - *****************Start the TC_001_UserVerification****************
23:15:17.130 [main] INFO  TestCases.TC_001_UserVerification - click on userdetail button..........
23:15:17.337 [main] INFO  TestCases.TC_001_UserVerification - screenshot is taken...
23:15:18.877 [main] INFO  TestCases.TC_001_UserVerification - browser closed successfully....
23:17:17.326 [main] INFO  TestCases.TC_001_UserVerification - chrome browser opened successfully
23:17:18.022 [main] INFO  TestCases.TC_001_UserVerification - Base Page loaded sucessfully.......
23:18:53.311 [main] INFO  TestCases.TC_001_UserVerification - *****************Start the TC_001_UserVerification****************
23:18:53.311 [main] INFO  TestCases.TC_001_UserVerification - click on userdetail button..........
23:18:53.495 [main] INFO  TestCases.TC_001_UserVerification - screenshot is taken...
23:18:54.984 [main] INFO  TestCases.TC_001_UserVerification - browser closed successfully....
23:22:18.738 [main] INFO  TestCases.TC_001_UserVerification - chrome browser opened successfully
23:22:19.244 [main] INFO  TestCases.TC_001_UserVerification - Base Page loaded sucessfully.......
23:24:45.032 [main] INFO  TestCases.TC_001_UserVerification - browser closed successfully....
23:25:22.474 [main] INFO  TestCases.TC_001_UserVerification - chrome browser opened successfully
23:25:23.227 [main] INFO  TestCases.TC_001_UserVerification - Base Page loaded sucessfully.......
23:27:09.846 [main] INFO  TestCases.TC_001_UserVerification - browser closed successfully....
23:27:37.618 [main] INFO  TestCases.TC_001_UserVerification - chrome browser opened successfully
23:27:39.069 [main] INFO  TestCases.TC_001_UserVerification - Base Page loaded sucessfully.......
