23:00:40.604 [main] INFO  TestCases.TC_001_UserVerification - screenshot is taken...
23:01:01.710 [main] INFO  TestCases.TC_001_UserVerification - get the user Email ..........
23:01:01.711 [main] INFO  TestCases.TC_001_UserVerification - *****************End the TC_001_UserVerification****************
23:01:02.946 [main] INFO  TestCases.TC_001_UserVerification - browser closed successfully....
23:03:56.610 [main] INFO  TestCases.TC_001_UserVerification - chrome browser opened successfully
23:03:57.387 [main] INFO  TestCases.TC_001_UserVerification - Base Page loaded sucessfully.......
23:04:01.540 [main] INFO  TestCases.TC_001_UserVerification - *****************Start the TC_001_UserVerification****************
23:04:01.541 [main] INFO  TestCases.TC_001_UserVerification - click on userdetail button..........
23:04:01.980 [main] INFO  TestCases.TC_001_UserVerification - screenshot is taken...
23:04:23.742 [main] INFO  TestCases.TC_001_UserVerification - browser closed successfully....
23:05:25.789 [main] INFO  TestCases.TC_001_UserVerification - chrome browser opened successfully
23:05:26.419 [main] INFO  TestCases.TC_001_UserVerification - Base Page loaded sucessfully.......
23:05:29.762 [main] INFO  TestCases.TC_001_UserVerification - *****************Start the TC_001_UserVerification****************
23:05:29.762 [main] INFO  TestCases.TC_001_UserVerification - click on userdetail button..........
23:05:29.958 [main] INFO  TestCases.TC_001_UserVerification - screenshot is taken...
23:05:51.398 [main] INFO  TestCases.TC_001_UserVerification - browser closed successfully....
23:07:28.566 [main] INFO  TestCases.TC_001_UserVerification - chrome browser opened successfully
23:07:31.990 [main] INFO  TestCases.TC_001_UserVerification - Base Page loaded sucessfully.......
23:07:33.294 [main] INFO  TestCases.TC_001_UserVerification - *****************Start the TC_001_UserVerification****************
23:07:33.294 [main] INFO  TestCases.TC_001_UserVerification - click on userdetail button..........
23:07:33.832 [main] INFO  TestCases.TC_001_UserVerification - screenshot is taken...
23:07:55.222 [main] INFO  TestCases.TC_001_UserVerification - get the user Email ..........
23:07:55.222 [main] INFO  TestCases.TC_001_UserVerification - *****************End the TC_001_UserVerification****************
23:07:56.520 [main] INFO  TestCases.TC_001_UserVerification - browser closed successfully....
23:46:56.783 [main] INFO  TestCases.TC_001_UserVerification - chrome browser opened successfully
23:46:58.403 [main] INFO  TestCases.TC_001_UserVerification - Base Page loaded sucessfully.......
23:47:01.374 [main] INFO  TestCases.TC_001_UserVerification - *****************Start the TC_001_UserVerification****************
23:47:01.374 [main] INFO  TestCases.TC_001_UserVerification - click on userdetail button..........
23:47:01.611 [main] INFO  TestCases.TC_001_UserVerification - screenshot is taken...
23:47:02.900 [main] INFO  TestCases.TC_001_UserVerification - browser closed successfully....
23:47:43.617 [main] INFO  TestCases.TC_001_UserVerification - chrome browser opened successfully
23:47:45.118 [main] INFO  TestCases.TC_001_UserVerification - Base Page loaded sucessfully.......
23:47:47.987 [main] INFO  TestCases.TC_001_UserVerification - *****************Start the TC_001_UserVerification****************
23:47:47.987 [main] INFO  TestCases.TC_001_UserVerification - click on userdetail button..........
23:47:48.211 [main] INFO  TestCases.TC_001_UserVerification - screenshot is taken...
23:47:49.545 [main] INFO  TestCases.TC_001_UserVerification - browser closed successfully....
23:49:25.831 [main] INFO  TestCases.TC_001_UserVerification - chrome browser opened successfully
23:49:27.974 [main] INFO  TestCases.TC_001_UserVerification - Base Page loaded sucessfully.......
23:49:30.626 [main] INFO  TestCases.TC_001_UserVerification - *****************Start the TC_001_UserVerification****************
23:49:30.626 [main] INFO  TestCases.TC_001_UserVerification - click on userdetail button..........
23:49:31.058 [main] INFO  TestCases.TC_001_UserVerification - screenshot is taken...
23:49:32.520 [main] INFO  TestCases.TC_001_UserVerification - browser closed successfully....
23:50:18.239 [main] INFO  TestCases.TC_001_UserVerification - chrome browser opened successfully
23:50:19.733 [main] INFO  TestCases.TC_001_UserVerification - Base Page loaded sucessfully.......
23:50:22.960 [main] INFO  TestCases.TC_001_UserVerification - *****************Start the TC_001_UserVerification****************
23:50:22.961 [main] INFO  TestCases.TC_001_UserVerification - click on userdetail button..........
23:50:23.486 [main] INFO  TestCases.TC_001_UserVerification - screenshot is taken...
23:50:43.719 [main] INFO  TestCases.TC_001_UserVerification - get the email...
23:50:44.439 [main] INFO  TestCases.TC_001_UserVerification - write the data in excel
23:50:44.439 [main] INFO  TestCases.TC_001_UserVerification - *****************End the TC_001_UserVerification****************
