21:34:36.650 [main] INFO  TestCases.TC_002_ClickDropdown - Clicked on the market and services dropdown and get options from it
21:34:37.069 [main] INFO  TestCases.TC_002_ClickDropdown - Clicked on the corporate function dropdown and get options from it
21:34:37.465 [main] INFO  TestCases.TC_002_ClickDropdown - Clicked on the people dropdown and get options from it
21:34:37.734 [main] INFO  TestCases.TC_002_ClickDropdown - Clicked on the otheroption dropdown and get options from it
21:34:37.918 [main] INFO  TestCases.TC_002_ClickDropdown - *********End of TC_002_ClickDropdown
21:34:39.123 [main] INFO  TestCases.TC_002_ClickDropdown - browser closed successfully....
21:34:43.099 [main] INFO  TestCases.TC_003_EthicsandCompliance - chrome browser opened successfully
21:34:43.817 [main] INFO  TestCases.TC_003_EthicsandCompliance - Base Page loaded sucessfully.......
21:34:46.588 [main] INFO  TestCases.TC_003_EthicsandCompliance - *********** TC_003_EthicsandCompliance started *************
21:34:46.838 [main] INFO  TestCases.TC_003_EthicsandCompliance - Click on Corporate function.....
21:34:47.258 [main] INFO  TestCases.TC_003_EthicsandCompliance - Hover to the desiered option...
21:34:47.607 [main] INFO  TestCases.TC_003_EthicsandCompliance - Click on the ethics and compliance....
21:34:49.323 [main] INFO  TestCases.TC_003_EthicsandCompliance - Page exist...
21:34:49.416 [main] INFO  TestCases.TC_003_EthicsandCompliance - click to get info...
21:34:49.558 [main] INFO  TestCases.TC_003_EthicsandCompliance - printed the info...
21:34:49.670 [main] INFO  TestCases.TC_003_EthicsandCompliance - *********** TC_003_EthicsandCompliance finished *************
21:34:50.791 [main] INFO  TestCases.TC_003_EthicsandCompliance - browser closed successfully....
21:42:04.380 [main] INFO  TestCases.TC_001_UserVerification - chrome browser opened successfully
21:42:06.166 [main] INFO  TestCases.TC_001_UserVerification - Base Page loaded sucessfully.......
21:42:10.275 [main] INFO  TestCases.TC_001_UserVerification - *****************Start the TC_001_UserVerification****************
21:42:10.275 [main] INFO  TestCases.TC_001_UserVerification - click on userdetail button..........
21:42:10.459 [main] INFO  TestCases.TC_001_UserVerification - screenshot is taken...
21:42:13.489 [main] INFO  TestCases.TC_001_UserVerification - get the user name ..........
21:42:13.579 [main] INFO  TestCases.TC_001_UserVerification - get the user Email ..........
21:42:13.580 [main] INFO  TestCases.TC_001_UserVerification - *****************End the TC_001_UserVerification****************
21:43:11.074 [main] INFO  TestCases.TC_001_UserVerification - chrome browser opened successfully
21:43:12.840 [main] INFO  TestCases.TC_001_UserVerification - Base Page loaded sucessfully.......
21:43:17.028 [main] INFO  TestCases.TC_001_UserVerification - *****************Start the TC_001_UserVerification****************
21:43:17.029 [main] INFO  TestCases.TC_001_UserVerification - click on userdetail button..........
21:43:17.212 [main] INFO  TestCases.TC_001_UserVerification - screenshot is taken...
21:49:25.157 [main] INFO  TestCases.TC_001_UserVerification - chrome browser opened successfully
21:49:30.018 [main] INFO  TestCases.TC_001_UserVerification - Base Page loaded sucessfully.......
21:49:31.248 [main] INFO  TestCases.TC_001_UserVerification - *****************Start the TC_001_UserVerification****************
21:49:31.249 [main] INFO  TestCases.TC_001_UserVerification - click on userdetail button..........
21:49:31.709 [main] INFO  TestCases.TC_001_UserVerification - screenshot is taken...
21:52:04.356 [main] INFO  TestCases.TC_001_UserVerification - chrome browser opened successfully
21:52:04.847 [main] INFO  TestCases.TC_001_UserVerification - Base Page loaded sucessfully.......
21:52:08.997 [main] INFO  TestCases.TC_001_UserVerification - *****************Start the TC_001_UserVerification****************
21:52:08.998 [main] INFO  TestCases.TC_001_UserVerification - click on userdetail button..........
21:52:09.323 [main] INFO  TestCases.TC_001_UserVerification - screenshot is taken...
21:53:29.031 [main] INFO  TestCases.TC_001_UserVerification - chrome browser opened successfully
21:53:30.503 [main] INFO  TestCases.TC_001_UserVerification - Base Page loaded sucessfully.......
21:53:35.365 [main] INFO  TestCases.TC_001_UserVerification - *****************Start the TC_001_UserVerification****************
21:53:35.366 [main] INFO  TestCases.TC_001_UserVerification - click on userdetail button..........
21:53:35.534 [main] INFO  TestCases.TC_001_UserVerification - screenshot is taken...
21:58:51.607 [main] INFO  TestCases.TC_001_UserVerification - chrome browser opened successfully
21:58:53.030 [main] INFO  TestCases.TC_001_UserVerification - Base Page loaded sucessfully.......
21:59:00.403 [main] INFO  TestCases.TC_001_UserVerification - *****************Start the TC_001_UserVerification****************
21:59:00.403 [main] INFO  TestCases.TC_001_UserVerification - click on userdetail button..........
